[2025-03-10T14:35:02.010Z] {"type":"info","title":"Processing Payment","message":"Payment #0 is being processed.","paymentId":"0","recipient":"0xd38080D407192fCdD89587607F4074ec1E2F1B75","amount":"0.1","timestamp":"2025-03-10T14:35:01.967Z"}
[2025-03-10T14:35:08.730Z] {"type":"success","title":"Payment Successful","message":"Payment #0 has been processed successfully.","paymentId":"0","recipient":"0xd38080D407192fCdD89587607F4074ec1E2F1B75","amount":"0.1","transactionHash":"0xbe9904b26ad455cffba35e62317286f12c9a940668cffb82c40a3f74e6ade962","timestamp":"2025-03-10T14:35:08.722Z"}
[2025-03-10T14:37:01.571Z] {"type":"info","title":"Processing Payment","message":"Payment #0 is being processed.","paymentId":"0","recipient":"0xd38080D407192fCdD89587607F4074ec1E2F1B75","amount":"0.1","timestamp":"2025-03-10T14:37:01.567Z"}
[2025-03-10T14:37:08.225Z] {"type":"success","title":"Payment Successful","message":"Payment #0 has been processed successfully.","paymentId":"0","recipient":"0xd38080D407192fCdD89587607F4074ec1E2F1B75","amount":"0.1","transactionHash":"0x0a101415a53f5a3e64c5bea95d472e71f7de18748bf3b15ce58eb191c09bb33a","timestamp":"2025-03-10T14:37:08.221Z"}
[2025-03-10T14:38:02.150Z] {"type":"warning","title":"Low Balance Alert","message":"Payment #0 is due but cannot be processed due to insufficient balance.","paymentId":"0","timestamp":"2025-03-10T14:38:02.146Z"}
[2025-03-10T14:39:01.685Z] {"type":"info","title":"Processing Payment","message":"Payment #0 is being processed.","paymentId":"0","recipient":"0xd38080D407192fCdD89587607F4074ec1E2F1B75","amount":"0.1","timestamp":"2025-03-10T14:39:01.682Z"}
[2025-03-10T14:39:08.414Z] {"type":"success","title":"Payment Successful","message":"Payment #0 has been processed successfully.","paymentId":"0","recipient":"0xd38080D407192fCdD89587607F4074ec1E2F1B75","amount":"0.1","transactionHash":"0x793a36c805ffc94d3a7ee13bb7652deef13c42db447bc9b9a59a595c2c1d71cc","timestamp":"2025-03-10T14:39:08.410Z"}
[2025-03-10T14:41:01.453Z] {"type":"info","title":"Processing Payment","message":"Payment #0 is being processed.","paymentId":"0","recipient":"0xd38080D407192fCdD89587607F4074ec1E2F1B75","amount":"0.1","timestamp":"2025-03-10T14:41:01.450Z"}
[2025-03-10T14:41:08.072Z] {"type":"success","title":"Payment Successful","message":"Payment #0 has been processed successfully.","paymentId":"0","recipient":"0xd38080D407192fCdD89587607F4074ec1E2F1B75","amount":"0.1","transactionHash":"0x20edfd35b5db9291312fa500e458b19be93294a23994aefbfbe7133c5083b866","timestamp":"2025-03-10T14:41:08.068Z"}
[2025-03-10T14:43:01.405Z] {"type":"info","title":"Processing Payment","message":"Payment #0 is being processed.","paymentId":"0","recipient":"0xd38080D407192fCdD89587607F4074ec1E2F1B75","amount":"0.1","timestamp":"2025-03-10T14:43:01.399Z"}
[2025-03-10T14:43:08.135Z] {"type":"success","title":"Payment Successful","message":"Payment #0 has been processed successfully.","paymentId":"0","recipient":"0xd38080D407192fCdD89587607F4074ec1E2F1B75","amount":"0.1","transactionHash":"0xc6bf5afe770c1e320269ab8e5656adacd39e47bcc9e1a118d099ac87fc8a7ea7","timestamp":"2025-03-10T14:43:08.130Z"}
[2025-03-10T14:44:02.029Z] {"type":"warning","title":"Low Balance Alert","message":"Payment #0 is due but cannot be processed due to insufficient balance.","paymentId":"0","timestamp":"2025-03-10T14:44:02.023Z"}
[2025-03-10T14:45:01.791Z] {"type":"info","title":"Processing Payment","message":"Payment #0 is being processed.","paymentId":"0","recipient":"0xd38080D407192fCdD89587607F4074ec1E2F1B75","amount":"0.1","timestamp":"2025-03-10T14:45:01.785Z"}
[2025-03-10T14:45:08.384Z] {"type":"success","title":"Payment Successful","message":"Payment #0 has been processed successfully.","paymentId":"0","recipient":"0xd38080D407192fCdD89587607F4074ec1E2F1B75","amount":"0.1","transactionHash":"0x9e3e0e447ddba8784e92d822f2f8249a8376d022f7df47228da33bc59d052ada","timestamp":"2025-03-10T14:45:08.379Z"}
[2025-03-10T14:45:08.691Z] {"type":"info","title":"Processing Payment","message":"Payment #1 is being processed.","paymentId":"1","recipient":"0x88F8C7bB4AE11158e3a036E08965FBCe04F06053","amount":"0.1","timestamp":"2025-03-10T14:45:08.688Z"}
[2025-03-10T14:45:15.268Z] {"type":"success","title":"Payment Successful","message":"Payment #1 has been processed successfully.","paymentId":"1","recipient":"0x88F8C7bB4AE11158e3a036E08965FBCe04F06053","amount":"0.1","transactionHash":"0xa02a46b656d96aa27b3d227ed4d405f6098c2396d7c79e2f03bb669c7b8c003f","timestamp":"2025-03-10T14:45:15.262Z"}
[2025-03-10T14:47:01.901Z] {"type":"info","title":"Processing Payment","message":"Payment #0 is being processed.","paymentId":"0","recipient":"0xd38080D407192fCdD89587607F4074ec1E2F1B75","amount":"0.1","timestamp":"2025-03-10T14:47:01.895Z"}
[2025-03-10T14:47:08.603Z] {"type":"success","title":"Payment Successful","message":"Payment #0 has been processed successfully.","paymentId":"0","recipient":"0xd38080D407192fCdD89587607F4074ec1E2F1B75","amount":"0.1","transactionHash":"0x51eaa42c627fc4209abeb3719d3fa05ae7f5966d63c3a9d1d225b014e2c5af5d","timestamp":"2025-03-10T14:47:08.598Z"}
[2025-03-10T14:47:08.907Z] {"type":"info","title":"Processing Payment","message":"Payment #1 is being processed.","paymentId":"1","recipient":"0x88F8C7bB4AE11158e3a036E08965FBCe04F06053","amount":"0.1","timestamp":"2025-03-10T14:47:08.904Z"}
[2025-03-10T14:47:15.673Z] {"type":"success","title":"Payment Successful","message":"Payment #1 has been processed successfully.","paymentId":"1","recipient":"0x88F8C7bB4AE11158e3a036E08965FBCe04F06053","amount":"0.1","transactionHash":"0x68da3553608dcbc39d590912e51aac04deb4b2c17ab57fb6b505e8d638ef94ce","timestamp":"2025-03-10T14:47:15.667Z"}
[2025-03-10T14:49:01.923Z] {"type":"info","title":"Processing Payment","message":"Payment #0 is being processed.","paymentId":"0","recipient":"0xd38080D407192fCdD89587607F4074ec1E2F1B75","amount":"0.1","timestamp":"2025-03-10T14:49:01.919Z"}
[2025-03-10T14:49:08.617Z] {"type":"success","title":"Payment Successful","message":"Payment #0 has been processed successfully.","paymentId":"0","recipient":"0xd38080D407192fCdD89587607F4074ec1E2F1B75","amount":"0.1","transactionHash":"0x227aaaf8c461fd1fcf589bafd1cf46a80628fc55096c5ce314c969d38ecde3a2","timestamp":"2025-03-10T14:49:08.611Z"}
[2025-03-10T14:49:08.919Z] {"type":"info","title":"Processing Payment","message":"Payment #1 is being processed.","paymentId":"1","recipient":"0x88F8C7bB4AE11158e3a036E08965FBCe04F06053","amount":"0.1","timestamp":"2025-03-10T14:49:08.917Z"}
[2025-03-10T14:49:15.551Z] {"type":"success","title":"Payment Successful","message":"Payment #1 has been processed successfully.","paymentId":"1","recipient":"0x88F8C7bB4AE11158e3a036E08965FBCe04F06053","amount":"0.1","transactionHash":"0xb3ac21960c78bf4c1412251e2ad85f6ca2185bc1b9361ff475271d343cb1984b","timestamp":"2025-03-10T14:49:15.546Z"}
[2025-03-10T14:51:01.841Z] {"type":"info","title":"Processing Payment","message":"Payment #0 is being processed.","paymentId":"0","recipient":"0xd38080D407192fCdD89587607F4074ec1E2F1B75","amount":"0.1","timestamp":"2025-03-10T14:51:01.835Z"}
[2025-03-10T14:51:08.586Z] {"type":"success","title":"Payment Successful","message":"Payment #0 has been processed successfully.","paymentId":"0","recipient":"0xd38080D407192fCdD89587607F4074ec1E2F1B75","amount":"0.1","transactionHash":"0xd9db6dc0d931f20480ba2d517862b7030c4047145df8418064027af40e7f1097","timestamp":"2025-03-10T14:51:08.583Z"}
[2025-03-10T14:51:08.863Z] {"type":"info","title":"Processing Payment","message":"Payment #1 is being processed.","paymentId":"1","recipient":"0x88F8C7bB4AE11158e3a036E08965FBCe04F06053","amount":"0.1","timestamp":"2025-03-10T14:51:08.861Z"}
[2025-03-10T14:51:15.490Z] {"type":"success","title":"Payment Successful","message":"Payment #1 has been processed successfully.","paymentId":"1","recipient":"0x88F8C7bB4AE11158e3a036E08965FBCe04F06053","amount":"0.1","transactionHash":"0x02ca020ce86175ccb525ee3f4d871f24264fc0b14a982bfc4761e285ab8960d5","timestamp":"2025-03-10T14:51:15.486Z"}
[2025-03-10T15:30:02.201Z] {"type":"info","title":"Processing Payment","message":"Payment #0 is being processed.","paymentId":"0","recipient":"0xd38080D407192fCdD89587607F4074ec1E2F1B75","amount":"0.1","timestamp":"2025-03-10T15:30:02.127Z"}
[2025-03-10T15:30:09.547Z] {"type":"success","title":"Payment Successful","message":"Payment #0 has been processed successfully.","paymentId":"0","recipient":"0xd38080D407192fCdD89587607F4074ec1E2F1B75","amount":"0.1","transactionHash":"0xc38c2d6e0f2b0212b08bb0a37d06b868dc950d9ce551876d347f139a373bd032","timestamp":"2025-03-10T15:30:09.507Z"}
[2025-03-10T15:30:09.954Z] {"type":"info","title":"Processing Payment","message":"Payment #1 is being processed.","paymentId":"1","recipient":"0x88F8C7bB4AE11158e3a036E08965FBCe04F06053","amount":"0.1","timestamp":"2025-03-10T15:30:09.919Z"}
[2025-03-10T15:30:16.954Z] {"type":"success","title":"Payment Successful","message":"Payment #1 has been processed successfully.","paymentId":"1","recipient":"0x88F8C7bB4AE11158e3a036E08965FBCe04F06053","amount":"0.1","transactionHash":"0xdd949a11206c9268ba4e169fe73d51828a67ff9ac96f9f9f8f35ed764e5040bf","timestamp":"2025-03-10T15:30:16.946Z"}
[2025-03-10T15:32:02.028Z] {"type":"info","title":"Processing Payment","message":"Payment #0 is being processed.","paymentId":"0","recipient":"0xd38080D407192fCdD89587607F4074ec1E2F1B75","amount":"0.1","timestamp":"2025-03-10T15:32:02.023Z"}
[2025-03-10T15:32:08.897Z] {"type":"success","title":"Payment Successful","message":"Payment #0 has been processed successfully.","paymentId":"0","recipient":"0xd38080D407192fCdD89587607F4074ec1E2F1B75","amount":"0.1","transactionHash":"0x88c3ae9101610c17c48d91d2e167e4c8a9a2d78ece749650109ddbbf7be3b892","timestamp":"2025-03-10T15:32:08.885Z"}
[2025-03-10T15:32:09.209Z] {"type":"info","title":"Processing Payment","message":"Payment #1 is being processed.","paymentId":"1","recipient":"0x88F8C7bB4AE11158e3a036E08965FBCe04F06053","amount":"0.1","timestamp":"2025-03-10T15:32:09.184Z"}
[2025-03-10T15:32:15.874Z] {"type":"success","title":"Payment Successful","message":"Payment #1 has been processed successfully.","paymentId":"1","recipient":"0x88F8C7bB4AE11158e3a036E08965FBCe04F06053","amount":"0.1","transactionHash":"0x4742285107243bc9c84421007363cb5f360178cb302775ca68178e6660473e7a","timestamp":"2025-03-10T15:32:15.868Z"}
[2025-03-10T15:34:02.159Z] {"type":"info","title":"Processing Payment","message":"Payment #0 is being processed.","paymentId":"0","recipient":"0xd38080D407192fCdD89587607F4074ec1E2F1B75","amount":"0.1","timestamp":"2025-03-10T15:34:02.154Z"}
[2025-03-10T15:34:08.610Z] {"type":"success","title":"Payment Successful","message":"Payment #0 has been processed successfully.","paymentId":"0","recipient":"0xd38080D407192fCdD89587607F4074ec1E2F1B75","amount":"0.1","transactionHash":"0xff633aa0b98b13b960b7dd5ec964df862dda9d365128bbe90bced9c82820a1e2","timestamp":"2025-03-10T15:34:08.604Z"}
[2025-03-10T15:34:08.884Z] {"type":"info","title":"Processing Payment","message":"Payment #1 is being processed.","paymentId":"1","recipient":"0x88F8C7bB4AE11158e3a036E08965FBCe04F06053","amount":"0.1","timestamp":"2025-03-10T15:34:08.880Z"}
[2025-03-10T15:34:15.377Z] {"type":"success","title":"Payment Successful","message":"Payment #1 has been processed successfully.","paymentId":"1","recipient":"0x88F8C7bB4AE11158e3a036E08965FBCe04F06053","amount":"0.1","transactionHash":"0x1f25f56c3748ff9537e9301ec8cf9029dc4c0209a33711493c6e2976896ec4d5","timestamp":"2025-03-10T15:34:15.371Z"}
[2025-03-10T15:35:04.059Z] {"type":"warning","title":"Low Balance Alert","message":"Payment #0 is due but cannot be processed due to insufficient balance.","paymentId":"0","timestamp":"2025-03-10T15:35:04.055Z"}
[2025-03-10T15:36:02.170Z] {"type":"info","title":"Processing Payment","message":"Payment #0 is being processed.","paymentId":"0","recipient":"0xd38080D407192fCdD89587607F4074ec1E2F1B75","amount":"0.1","timestamp":"2025-03-10T15:36:02.164Z"}
[2025-03-10T15:36:08.653Z] {"type":"success","title":"Payment Successful","message":"Payment #0 has been processed successfully.","paymentId":"0","recipient":"0xd38080D407192fCdD89587607F4074ec1E2F1B75","amount":"0.1","transactionHash":"0x1c4aa41041bfed1325b513fcb5cc3b4318c3bb0a64b264564485bee1b9438f5d","timestamp":"2025-03-10T15:36:08.649Z"}
[2025-03-10T15:36:09.027Z] {"type":"info","title":"Processing Payment","message":"Payment #1 is being processed.","paymentId":"1","recipient":"0x88F8C7bB4AE11158e3a036E08965FBCe04F06053","amount":"0.1","timestamp":"2025-03-10T15:36:09.021Z"}
[2025-03-10T15:36:15.658Z] {"type":"success","title":"Payment Successful","message":"Payment #1 has been processed successfully.","paymentId":"1","recipient":"0x88F8C7bB4AE11158e3a036E08965FBCe04F06053","amount":"0.1","transactionHash":"0x8c4b0bddffabc3dc326514490bcf39f562f79a89887faf54afb48073b929a378","timestamp":"2025-03-10T15:36:15.654Z"}
